# JRE version: Java(TM) SE Runtime Environment (19.0.2+7) (build 19.0.2+7-44)
# Java VM: Java HotSpot(TM) 64-Bit Server VM (19.0.2+7-44, mixed mode, sharing, tiered, compressed oops, compressed class ptrs, g1 gc, windows-amd64)
GC Precious Log:
 CardTable entry size: 512
 Card Set container configuration: InlinePtr #cards 5 size 8 Array Of Cards #cards 12 size 40 Howl #buckets 4 coarsen threshold 1843 Howl Bitmap #cards 512 size 80 coarsen threshold 460 Card regions per heap region 1 cards per card region 2048
 CPUs: 8 total, 8 available
 Memory: 8001M
 Large Page Support: Disabled
 NUMA Support: Disabled
 Compressed Oops: Enabled (32-bit)
 Heap Region Size: 1M
 Heap Min Capacity: 8M
 Heap Initial Capacity: 126M
 Heap Max Capacity: 2002M
 Pre-touch: Disabled
 Parallel Workers: 8
 Concurrent Workers: 2
 Concurrent Refinement Workers: 8
 Periodic GC: Disabled
Heap:
 garbage-first heap   total 157696K, used 112328K [0x0000000082e00000, 0x0000000100000000)
  region size 1024K, 72 young (73728K), 1 survivors (1024K)
 Metaspace       used 86951K, committed 87744K, reserved 1179648K
  class space    used 11302K, committed 11648K, reserved 1048576K
GC Heap History (20 events):
Event: 155.628 GC heap before
{Heap before GC invocations=72 (full 0):
 garbage-first heap   total 160768K, used 135717K [0x0000000082e00000, 0x0000000100000000)
  region size 1024K, 94 young (96256K), 1 survivors (1024K)
 Metaspace       used 86909K, committed 87680K, reserved 1179648K
  class space    used 11296K, committed 11648K, reserved 1048576K
}
Event: 155.630 GC heap after
{Heap after GC invocations=73 (full 0):
 garbage-first heap   total 160768K, used 41393K [0x0000000082e00000, 0x0000000100000000)
  region size 1024K, 1 young (1024K), 1 survivors (1024K)
 Metaspace       used 86909K, committed 87680K, reserved 1179648K
  class space    used 11296K, committed 11648K, reserved 1048576K
}
Event: 155.790 GC heap before
{Heap before GC invocations=73 (full 0):
 garbage-first heap   total 160768K, used 47537K [0x0000000082e00000, 0x0000000100000000)
  region size 1024K, 7 young (7168K), 1 survivors (1024K)
 Metaspace       used 86909K, committed 87680K, reserved 1179648K
  class space    used 11296K, committed 11648K, reserved 1048576K
}
Event: 155.793 GC heap after
{Heap after GC invocations=74 (full 0):
 garbage-first heap   total 160768K, used 41134K [0x0000000082e00000, 0x0000000100000000)
  region size 1024K, 1 young (1024K), 1 survivors (1024K)
 Metaspace       used 86909K, committed 87680K, reserved 1179648K
  class space    used 11296K, committed 11648K, reserved 1048576K
}
Event: 157.623 GC heap before
{Heap before GC invocations=74 (full 0):
 garbage-first heap   total 160768K, used 135342K [0x0000000082e00000, 0x0000000100000000)
  region size 1024K, 94 young (96256K), 1 survivors (1024K)
 Metaspace       used 86911K, committed 87680K, reserved 1179648K
  class space    used 11297K, committed 11648K, reserved 1048576K
}
Event: 157.625 GC heap after
{Heap after GC invocations=75 (full 0):
 garbage-first heap   total 160768K, used 41250K [0x0000000082e00000, 0x0000000100000000)
  region size 1024K, 1 young (1024K), 1 survivors (1024K)
 Metaspace       used 86911K, committed 87680K, reserved 1179648K
  class space    used 11297K, committed 11648K, reserved 1048576K
}
Event: 159.740 GC heap before
{Heap before GC invocations=75 (full 0):
 garbage-first heap   total 160768K, used 135458K [0x0000000082e00000, 0x0000000100000000)
  region size 1024K, 94 young (96256K), 1 survivors (1024K)
 Metaspace       used 86911K, committed 87680K, reserved 1179648K
  class space    used 11297K, committed 11648K, reserved 1048576K
}
Event: 159.742 GC heap after
{Heap after GC invocations=76 (full 0):
 garbage-first heap   total 160768K, used 41264K [0x0000000082e00000, 0x0000000100000000)
  region size 1024K, 1 young (1024K), 1 survivors (1024K)
 Metaspace       used 86911K, committed 87680K, reserved 1179648K
  class space    used 11297K, committed 11648K, reserved 1048576K
}
Event: 161.185 GC heap before
{Heap before GC invocations=76 (full 0):
 garbage-first heap   total 160768K, used 135472K [0x0000000082e00000, 0x0000000100000000)
  region size 1024K, 94 young (96256K), 1 survivors (1024K)
 Metaspace       used 86911K, committed 87680K, reserved 1179648K
  class space    used 11297K, committed 11648K, reserved 1048576K
}
Event: 161.187 GC heap after
{Heap after GC invocations=77 (full 0):
 garbage-first heap   total 160768K, used 41459K [0x0000000082e00000, 0x0000000100000000)
  region size 1024K, 1 young (1024K), 1 survivors (1024K)
 Metaspace       used 86911K, committed 87680K, reserved 1179648K
  class space    used 11297K, committed 11648K, reserved 1048576K
}
Event: 162.720 GC heap before
{Heap before GC invocations=78 (full 0):
 garbage-first heap   total 157696K, used 133619K [0x0000000082e00000, 0x0000000100000000)
  region size 1024K, 92 young (94208K), 1 survivors (1024K)
 Metaspace       used 86912K, committed 87680K, reserved 1179648K
  class space    used 11297K, committed 11648K, reserved 1048576K
}
Event: 162.722 GC heap after
{Heap after GC invocations=79 (full 0):
 garbage-first heap   total 157696K, used 41303K [0x0000000082e00000, 0x0000000100000000)
  region size 1024K, 1 young (1024K), 1 survivors (1024K)
 Metaspace       used 86912K, committed 87680K, reserved 1179648K
  class space    used 11297K, committed 11648K, reserved 1048576K
}
Event: 162.771 GC heap before
{Heap before GC invocations=79 (full 0):
 garbage-first heap   total 157696K, used 47447K [0x0000000082e00000, 0x0000000100000000)
  region size 1024K, 7 young (7168K), 1 survivors (1024K)
 Metaspace       used 86912K, committed 87680K, reserved 1179648K
  class space    used 11297K, committed 11648K, reserved 1048576K
}
Event: 162.773 GC heap after
{Heap after GC invocations=80 (full 0):
 garbage-first heap   total 157696K, used 41183K [0x0000000082e00000, 0x0000000100000000)
  region size 1024K, 1 young (1024K), 1 survivors (1024K)
 Metaspace       used 86912K, committed 87680K, reserved 1179648K
  class space    used 11297K, committed 11648K, reserved 1048576K
}
Event: 163.532 GC heap before
{Heap before GC invocations=80 (full 0):
 garbage-first heap   total 157696K, used 133343K [0x0000000082e00000, 0x0000000100000000)
  region size 1024K, 92 young (94208K), 1 survivors (1024K)
 Metaspace       used 86912K, committed 87680K, reserved 1179648K
  class space    used 11297K, committed 11648K, reserved 1048576K
}
Event: 163.534 GC heap after
{Heap after GC invocations=81 (full 0):
 garbage-first heap   total 157696K, used 41185K [0x0000000082e00000, 0x0000000100000000)
  region size 1024K, 1 young (1024K), 1 survivors (1024K)
 Metaspace       used 86912K, committed 87680K, reserved 1179648K
  class space    used 11297K, committed 11648K, reserved 1048576K
}
Event: 164.268 GC heap before
{Heap before GC invocations=81 (full 0):
 garbage-first heap   total 157696K, used 133345K [0x0000000082e00000, 0x0000000100000000)
  region size 1024K, 92 young (94208K), 1 survivors (1024K)
 Metaspace       used 86912K, committed 87680K, reserved 1179648K
  class space    used 11297K, committed 11648K, reserved 1048576K
}
Event: 164.270 GC heap after
{Heap after GC invocations=82 (full 0):
 garbage-first heap   total 157696K, used 41334K [0x0000000082e00000, 0x0000000100000000)
  region size 1024K, 1 young (1024K), 1 survivors (1024K)
 Metaspace       used 86912K, committed 87680K, reserved 1179648K
  class space    used 11297K, committed 11648K, reserved 1048576K
}
Event: 165.053 GC heap before
{Heap before GC invocations=82 (full 0):
 garbage-first heap   total 157696K, used 133494K [0x0000000082e00000, 0x0000000100000000)
  region size 1024K, 92 young (94208K), 1 survivors (1024K)
 Metaspace       used 86912K, committed 87680K, reserved 1179648K
  class space    used 11297K, committed 11648K, reserved 1048576K
}
Event: 165.054 GC heap after
{Heap after GC invocations=83 (full 0):
 garbage-first heap   total 157696K, used 41456K [0x0000000082e00000, 0x0000000100000000)
  region size 1024K, 1 young (1024K), 1 survivors (1024K)
 Metaspace       used 86912K, committed 87680K, reserved 1179648K
  class space    used 11297K, committed 11648K, reserved 1048576K
}

