# JRE version: Java(TM) SE Runtime Environment (19.0.2+7) (build 19.0.2+7-44)
# Java VM: Java HotSpot(TM) 64-Bit Server VM (19.0.2+7-44, mixed mode, sharing, tiered, compressed oops, compressed class ptrs, g1 gc, windows-amd64)
GC Precious Log:
 CardTable entry size: 512
 Card Set container configuration: InlinePtr #cards 5 size 8 Array Of Cards #cards 12 size 40 Howl #buckets 4 coarsen threshold 1843 Howl Bitmap #cards 512 size 80 coarsen threshold 460 Card regions per heap region 1 cards per card region 2048
 CPUs: 8 total, 8 available
 Memory: 8001M
 Large Page Support: Disabled
 NUMA Support: Disabled
 Compressed Oops: Enabled (32-bit)
 Heap Region Size: 1M
 Heap Min Capacity: 8M
 Heap Initial Capacity: 126M
 Heap Max Capacity: 2002M
 Pre-touch: Disabled
 Parallel Workers: 8
 Concurrent Workers: 2
 Concurrent Refinement Workers: 8
 Periodic GC: Disabled
Heap:
 garbage-first heap   total 122880K, used 90749K [0x0000000082e00000, 0x0000000100000000)
  region size 1024K, 51 young (52224K), 1 survivors (1024K)
 Metaspace       used 87355K, committed 88128K, reserved 1179648K
  class space    used 11332K, committed 11712K, reserved 1048576K
GC Heap History (20 events):
Event: 188.500 GC heap before
{Heap before GC invocations=61 (full 0):
 garbage-first heap   total 122880K, used 107102K [0x0000000082e00000, 0x0000000100000000)
  region size 1024K, 66 young (67584K), 1 survivors (1024K)
 Metaspace       used 87354K, committed 88128K, reserved 1179648K
  class space    used 11331K, committed 11712K, reserved 1048576K
}
Event: 188.501 GC heap after
{Heap after GC invocations=62 (full 0):
 garbage-first heap   total 122880K, used 41589K [0x0000000082e00000, 0x0000000100000000)
  region size 1024K, 1 young (1024K), 1 survivors (1024K)
 Metaspace       used 87354K, committed 88128K, reserved 1179648K
  class space    used 11331K, committed 11712K, reserved 1048576K
}
Event: 189.211 GC heap before
{Heap before GC invocations=62 (full 0):
 garbage-first heap   total 122880K, used 107125K [0x0000000082e00000, 0x0000000100000000)
  region size 1024K, 66 young (67584K), 1 survivors (1024K)
 Metaspace       used 87354K, committed 88128K, reserved 1179648K
  class space    used 11331K, committed 11712K, reserved 1048576K
}
Event: 189.213 GC heap after
{Heap after GC invocations=63 (full 0):
 garbage-first heap   total 122880K, used 41580K [0x0000000082e00000, 0x0000000100000000)
  region size 1024K, 1 young (1024K), 1 survivors (1024K)
 Metaspace       used 87354K, committed 88128K, reserved 1179648K
  class space    used 11331K, committed 11712K, reserved 1048576K
}
Event: 189.907 GC heap before
{Heap before GC invocations=63 (full 0):
 garbage-first heap   total 122880K, used 107116K [0x0000000082e00000, 0x0000000100000000)
  region size 1024K, 66 young (67584K), 1 survivors (1024K)
 Metaspace       used 87354K, committed 88128K, reserved 1179648K
  class space    used 11331K, committed 11712K, reserved 1048576K
}
Event: 189.908 GC heap after
{Heap after GC invocations=64 (full 0):
 garbage-first heap   total 122880K, used 41645K [0x0000000082e00000, 0x0000000100000000)
  region size 1024K, 1 young (1024K), 1 survivors (1024K)
 Metaspace       used 87354K, committed 88128K, reserved 1179648K
  class space    used 11331K, committed 11712K, reserved 1048576K
}
Event: 190.562 GC heap before
{Heap before GC invocations=64 (full 0):
 garbage-first heap   total 122880K, used 107181K [0x0000000082e00000, 0x0000000100000000)
  region size 1024K, 66 young (67584K), 1 survivors (1024K)
 Metaspace       used 87354K, committed 88128K, reserved 1179648K
  class space    used 11331K, committed 11712K, reserved 1048576K
}
Event: 190.563 GC heap after
{Heap after GC invocations=65 (full 0):
 garbage-first heap   total 122880K, used 41651K [0x0000000082e00000, 0x0000000100000000)
  region size 1024K, 1 young (1024K), 1 survivors (1024K)
 Metaspace       used 87354K, committed 88128K, reserved 1179648K
  class space    used 11331K, committed 11712K, reserved 1048576K
}
Event: 191.421 GC heap before
{Heap before GC invocations=65 (full 0):
 garbage-first heap   total 122880K, used 107187K [0x0000000082e00000, 0x0000000100000000)
  region size 1024K, 66 young (67584K), 1 survivors (1024K)
 Metaspace       used 87354K, committed 88128K, reserved 1179648K
  class space    used 11331K, committed 11712K, reserved 1048576K
}
Event: 191.422 GC heap after
{Heap after GC invocations=66 (full 0):
 garbage-first heap   total 122880K, used 41682K [0x0000000082e00000, 0x0000000100000000)
  region size 1024K, 1 young (1024K), 1 survivors (1024K)
 Metaspace       used 87354K, committed 88128K, reserved 1179648K
  class space    used 11331K, committed 11712K, reserved 1048576K
}
Event: 192.280 GC heap before
{Heap before GC invocations=66 (full 0):
 garbage-first heap   total 122880K, used 107218K [0x0000000082e00000, 0x0000000100000000)
  region size 1024K, 66 young (67584K), 1 survivors (1024K)
 Metaspace       used 87354K, committed 88128K, reserved 1179648K
  class space    used 11331K, committed 11712K, reserved 1048576K
}
Event: 192.282 GC heap after
{Heap after GC invocations=67 (full 0):
 garbage-first heap   total 122880K, used 41674K [0x0000000082e00000, 0x0000000100000000)
  region size 1024K, 1 young (1024K), 1 survivors (1024K)
 Metaspace       used 87354K, committed 88128K, reserved 1179648K
  class space    used 11331K, committed 11712K, reserved 1048576K
}
Event: 192.931 GC heap before
{Heap before GC invocations=67 (full 0):
 garbage-first heap   total 122880K, used 107210K [0x0000000082e00000, 0x0000000100000000)
  region size 1024K, 66 young (67584K), 1 survivors (1024K)
 Metaspace       used 87354K, committed 88128K, reserved 1179648K
  class space    used 11331K, committed 11712K, reserved 1048576K
}
Event: 192.933 GC heap after
{Heap after GC invocations=68 (full 0):
 garbage-first heap   total 122880K, used 41691K [0x0000000082e00000, 0x0000000100000000)
  region size 1024K, 1 young (1024K), 1 survivors (1024K)
 Metaspace       used 87354K, committed 88128K, reserved 1179648K
  class space    used 11331K, committed 11712K, reserved 1048576K
}
Event: 193.682 GC heap before
{Heap before GC invocations=68 (full 0):
 garbage-first heap   total 122880K, used 107227K [0x0000000082e00000, 0x0000000100000000)
  region size 1024K, 66 young (67584K), 1 survivors (1024K)
 Metaspace       used 87354K, committed 88128K, reserved 1179648K
  class space    used 11331K, committed 11712K, reserved 1048576K
}
Event: 193.683 GC heap after
{Heap after GC invocations=69 (full 0):
 garbage-first heap   total 122880K, used 41581K [0x0000000082e00000, 0x0000000100000000)
  region size 1024K, 1 young (1024K), 1 survivors (1024K)
 Metaspace       used 87354K, committed 88128K, reserved 1179648K
  class space    used 11331K, committed 11712K, reserved 1048576K
}
Event: 194.390 GC heap before
{Heap before GC invocations=69 (full 0):
 garbage-first heap   total 122880K, used 107117K [0x0000000082e00000, 0x0000000100000000)
  region size 1024K, 66 young (67584K), 1 survivors (1024K)
 Metaspace       used 87354K, committed 88128K, reserved 1179648K
  class space    used 11331K, committed 11712K, reserved 1048576K
}
Event: 194.391 GC heap after
{Heap after GC invocations=70 (full 0):
 garbage-first heap   total 122880K, used 41690K [0x0000000082e00000, 0x0000000100000000)
  region size 1024K, 1 young (1024K), 1 survivors (1024K)
 Metaspace       used 87354K, committed 88128K, reserved 1179648K
  class space    used 11331K, committed 11712K, reserved 1048576K
}
Event: 194.847 GC heap before
{Heap before GC invocations=70 (full 0):
 garbage-first heap   total 122880K, used 107226K [0x0000000082e00000, 0x0000000100000000)
  region size 1024K, 66 young (67584K), 1 survivors (1024K)
 Metaspace       used 87354K, committed 88128K, reserved 1179648K
  class space    used 11331K, committed 11712K, reserved 1048576K
}
Event: 194.848 GC heap after
{Heap after GC invocations=71 (full 0):
 garbage-first heap   total 122880K, used 41597K [0x0000000082e00000, 0x0000000100000000)
  region size 1024K, 1 young (1024K), 1 survivors (1024K)
 Metaspace       used 87354K, committed 88128K, reserved 1179648K
  class space    used 11331K, committed 11712K, reserved 1048576K
}

